#
# There is insufficient memory for the Java Runtime Environment to continue.
# Native memory allocation (malloc) failed to allocate 1765584 bytes for Chunk::new
# Possible reasons:
#   The system is out of physical RAM or swap space
#   In 32 bit mode, the process size limit was hit
# Possible solutions:
#   Reduce memory load on the system
#   Increase physical memory or swap space
#   Check if swap backing store is full
#   Use 64 bit Java on a 64 bit OS
#   Decrease Java heap size (-Xmx/-Xms)
#   Decrease number of Java threads
#   Decrease Java thread stack sizes (-Xss)
#   Set larger code cache with -XX:ReservedCodeCacheSize=
# This output file may be truncated or incomplete.
#
#  Out of Memory Error (allocation.cpp:390), pid=7776, tid=0x0000000000002420
#
# JRE version: Java(TM) SE Runtime Environment (8.0_112-b15) (build 1.8.0_112-b15)
# Java VM: Java HotSpot(TM) 64-Bit Server VM (25.112-b15 mixed mode windows-amd64 compressed oops)
# Failed to write core dump. Minidumps are not enabled by default on client versions of Windows
#

---------------  T H R E A D  ---------------

Current thread (0x000000001e9af800):  JavaThread "C2 CompilerThread2" daemon [_thread_in_native, id=9248, stack(0x000000001f370000,0x000000001f470000)]

Stack: [0x000000001f370000,0x000000001f470000]
[error occurred during error reporting (printing stack bounds), id 0xc0000005]

Native frames: (J=compiled Java code, j=interpreted, Vv=VM code, C=native code)


Current CompileTask:
C2:   4690 5375   !   4       org.apache.maven.model.interpolation.StringSearchModelInterpolator$InterpolateObjectAction::traverseObjectWithParents (118 bytes)


---------------  P R O C E S S  ---------------

Java Threads: ( => current thread )
  0x00000000201f7000 JavaThread "clojure-agent-send-off-pool-2" [_thread_blocked, id=4276, stack(0x0000000026bc0000,0x0000000026cc0000)]
  0x00000000226e3800 JavaThread "clojure-agent-send-off-pool-1" [_thread_blocked, id=8248, stack(0x0000000025480000,0x0000000025580000)]
  0x0000000020c0c000 JavaThread "clojure-agent-send-off-pool-0" [_thread_in_Java, id=9080, stack(0x0000000022a50000,0x0000000022b50000)]
  0x000000001ea43000 JavaThread "Service Thread" daemon [_thread_blocked, id=9340, stack(0x000000001f570000,0x000000001f670000)]
  0x000000001e9b4800 JavaThread "C1 CompilerThread3" daemon [_thread_blocked, id=8464, stack(0x000000001f470000,0x000000001f570000)]
=>0x000000001e9af800 JavaThread "C2 CompilerThread2" daemon [_thread_in_native, id=9248, stack(0x000000001f370000,0x000000001f470000)]
  0x000000001e9ac800 JavaThread "C2 CompilerThread1" daemon [_thread_in_native, id=6996, stack(0x000000001f270000,0x000000001f370000)]
  0x000000001e9a9800 JavaThread "C2 CompilerThread0" daemon [_thread_in_native, id=5580, stack(0x000000001f170000,0x000000001f270000)]
  0x000000001e9a7800 JavaThread "Attach Listener" daemon [_thread_blocked, id=7620, stack(0x000000001f070000,0x000000001f170000)]
  0x000000001e9a6000 JavaThread "Signal Dispatcher" daemon [_thread_blocked, id=4724, stack(0x000000001ef70000,0x000000001f070000)]
  0x000000000308e800 JavaThread "Finalizer" daemon [_thread_blocked, id=6704, stack(0x000000001ed80000,0x000000001ee80000)]
  0x000000001caad800 JavaThread "Reference Handler" daemon [_thread_blocked, id=7120, stack(0x000000001e880000,0x000000001e980000)]
  0x0000000002d9e000 JavaThread "main" [_thread_in_Java, id=1032, stack(0x0000000002e90000,0x0000000002f90000)]

Other Threads:
  0x0000000003085800 VMThread [stack: 0x000000001e780000,0x000000001e880000] [id=6068]
  0x000000001ea77800 WatcherThread [stack: 0x000000001f670000,0x000000001f770000] [id=10216]

VM state:not at safepoint (normal execution)

VM Mutex/Monitor currently owned by a thread: None

Heap:
 PSYoungGen      total 278016K, used 166471K [0x000000076b400000, 0x0000000785c80000, 0x00000007c0000000)
  eden space 253952K, 56% used [0x000000076b400000,0x0000000774047e88,0x000000077ac00000)
  from space 24064K, 94% used [0x000000077ac00000,0x000000077c249e00,0x000000077c380000)
  to   space 27136K, 0% used [0x0000000784200000,0x0000000784200000,0x0000000785c80000)
 ParOldGen       total 203776K, used 32158K [0x00000006c1c00000, 0x00000006ce300000, 0x000000076b400000)
  object space 203776K, 15% used [0x00000006c1c00000,0x00000006c3b67a58,0x00000006ce300000)
 Metaspace       used 39091K, capacity 42067K, committed 42200K, reserved 1083392K
  class space    used 7643K, capacity 8669K, committed 8704K, reserved 1048576K

Card table byte_map: [0x0000000012450000,0x0000000012c50000] byte_map_base: 0x000000000ee42000

Marking Bits: (ParMarkBitMap*) 0x0000000057ada6d0
 Begin Bits: [0x00000000139a0000, 0x0000000017930000)
 End Bits:   [0x0000000017930000, 0x000000001b8c0000)

Polling page: 0x0000000001560000

CodeCache: size=245760Kb used=17234Kb max_used=17448Kb free=228525Kb
 bounds [0x0000000003090000, 0x00000000041b0000, 0x0000000012090000]
 total_blobs=5539 nmethods=5102 adapters=347
 compilation: enabled

Compilation events (10 events):
Event: 4.683 Thread 0x000000001e9b4800 5919       2       org.apache.maven.model.io.xpp3.MavenXpp3Reader::parseDeveloper (493 bytes)
Event: 4.685 Thread 0x000000001e9b4800 nmethod 5919 0x0000000003d2d1d0 code [0x0000000003d2d660, 0x0000000003d2ec78]
Event: 4.685 Thread 0x000000001e9b4800 5921       2       org.sonatype.aether.resolution.ArtifactRequest::setRequestContext (16 bytes)
Event: 4.685 Thread 0x000000001e9b4800 nmethod 5921 0x0000000003d408d0 code [0x0000000003d40a20, 0x0000000003d40bb0]
Event: 4.685 Thread 0x000000001e9b4800 5922       2       org.sonatype.aether.resolution.ArtifactRequest::setTrace (7 bytes)
Event: 4.685 Thread 0x000000001e9b4800 nmethod 5922 0x0000000003d40590 code [0x0000000003d406e0, 0x0000000003d40850]
Event: 4.685 Thread 0x000000001e9b4800 5923       2       org.sonatype.aether.impl.internal.DefaultArtifactResolver::artifactResolving (33 bytes)
Event: 4.686 Thread 0x000000001e9b4800 nmethod 5923 0x0000000003d3fe90 code [0x0000000003d40020, 0x0000000003d40398]
Event: 4.686 Thread 0x000000001e9b4800 5920       2       org.apache.maven.model.Model::setUrl (6 bytes)
Event: 4.686 Thread 0x000000001e9b4800 nmethod 5920 0x0000000003d3fb50 code [0x0000000003d3fca0, 0x0000000003d3fe10]

GC Heap History (10 events):
Event: 2.858 GC heap before
{Heap before GC invocations=5 (full 1):
 PSYoungGen      total 141824K, used 104709K [0x000000076b400000, 0x0000000777500000, 0x00000007c0000000)
  eden space 131072K, 74% used [0x000000076b400000,0x000000077135fec8,0x0000000773400000)
  from space 10752K, 65% used [0x0000000773400000,0x0000000773ae15a8,0x0000000773e80000)
  to   space 10752K, 0% used [0x0000000776a80000,0x0000000776a80000,0x0000000777500000)
 ParOldGen       total 117760K, used 9625K [0x00000006c1c00000, 0x00000006c8f00000, 0x000000076b400000)
  object space 117760K, 8% used [0x00000006c1c00000,0x00000006c25667c8,0x00000006c8f00000)
 Metaspace       used 32592K, capacity 35301K, committed 35416K, reserved 1077248K
  class space    used 6469K, capacity 7476K, committed 7552K, reserved 1048576K
Event: 2.868 GC heap after
Heap after GC invocations=5 (full 1):
 PSYoungGen      total 186880K, used 10745K [0x000000076b400000, 0x0000000777e00000, 0x00000007c0000000)
  eden space 176128K, 0% used [0x000000076b400000,0x000000076b400000,0x0000000776000000)
  from space 10752K, 99% used [0x0000000776a80000,0x00000007774fe560,0x0000000777500000)
  to   space 10752K, 0% used [0x0000000776000000,0x0000000776000000,0x0000000776a80000)
 ParOldGen       total 117760K, used 14633K [0x00000006c1c00000, 0x00000006c8f00000, 0x000000076b400000)
  object space 117760K, 12% used [0x00000006c1c00000,0x00000006c2a4a4c0,0x00000006c8f00000)
 Metaspace       used 32592K, capacity 35301K, committed 35416K, reserved 1077248K
  class space    used 6469K, capacity 7476K, committed 7552K, reserved 1048576K
}
Event: 2.869 GC heap before
{Heap before GC invocations=6 (full 2):
 PSYoungGen      total 186880K, used 10745K [0x000000076b400000, 0x0000000777e00000, 0x00000007c0000000)
  eden space 176128K, 0% used [0x000000076b400000,0x000000076b400000,0x0000000776000000)
  from space 10752K, 99% used [0x0000000776a80000,0x00000007774fe560,0x0000000777500000)
  to   space 10752K, 0% used [0x0000000776000000,0x0000000776000000,0x0000000776a80000)
 ParOldGen       total 117760K, used 14633K [0x00000006c1c00000, 0x00000006c8f00000, 0x000000076b400000)
  object space 117760K, 12% used [0x00000006c1c00000,0x00000006c2a4a4c0,0x00000006c8f00000)
 Metaspace       used 32592K, capacity 35301K, committed 35416K, reserved 1077248K
  class space    used 6469K, capacity 7476K, committed 7552K, reserved 1048576K
Event: 2.916 GC heap after
Heap after GC invocations=6 (full 2):
 PSYoungGen      total 186880K, used 0K [0x000000076b400000, 0x0000000777e00000, 0x00000007c0000000)
  eden space 176128K, 0% used [0x000000076b400000,0x000000076b400000,0x0000000776000000)
  from space 10752K, 0% used [0x0000000776a80000,0x0000000776a80000,0x0000000777500000)
  to   space 10752K, 0% used [0x0000000776000000,0x0000000776000000,0x0000000776a80000)
 ParOldGen       total 203776K, used 23023K [0x00000006c1c00000, 0x00000006ce300000, 0x000000076b400000)
  object space 203776K, 11% used [0x00000006c1c00000,0x00000006c327bec0,0x00000006ce300000)
 Metaspace       used 32592K, capacity 35301K, committed 35416K, reserved 1077248K
  class space    used 6469K, capacity 7476K, committed 7552K, reserved 1048576K
}
Event: 3.267 GC heap before
{Heap before GC invocations=7 (full 2):
 PSYoungGen      total 186880K, used 176128K [0x000000076b400000, 0x0000000777e00000, 0x00000007c0000000)
  eden space 176128K, 100% used [0x000000076b400000,0x0000000776000000,0x0000000776000000)
  from space 10752K, 0% used [0x0000000776a80000,0x0000000776a80000,0x0000000777500000)
  to   space 10752K, 0% used [0x0000000776000000,0x0000000776000000,0x0000000776a80000)
 ParOldGen       total 203776K, used 23023K [0x00000006c1c00000, 0x00000006ce300000, 0x000000076b400000)
  object space 203776K, 11% used [0x00000006c1c00000,0x00000006c327bec0,0x00000006ce300000)
 Metaspace       used 36001K, capacity 38751K, committed 38872K, reserved 1079296K
  class space    used 7129K, capacity 8157K, committed 8192K, reserved 1048576K
Event: 3.287 GC heap after
Heap after GC invocations=7 (full 2):
 PSYoungGen      total 186880K, used 10735K [0x000000076b400000, 0x000000077d980000, 0x00000007c0000000)
  eden space 176128K, 0% used [0x000000076b400000,0x000000076b400000,0x0000000776000000)
  from space 10752K, 99% used [0x0000000776000000,0x0000000776a7bf90,0x0000000776a80000)
  to   space 22528K, 0% used [0x000000077c380000,0x000000077c380000,0x000000077d980000)
 ParOldGen       total 203776K, used 32142K [0x00000006c1c00000, 0x00000006ce300000, 0x000000076b400000)
  object space 203776K, 15% used [0x00000006c1c00000,0x00000006c3b63a58,0x00000006ce300000)
 Metaspace       used 36001K, capacity 38751K, committed 38872K, reserved 1079296K
  class space    used 7129K, capacity 8157K, committed 8192K, reserved 1048576K
}
Event: 3.628 GC heap before
{Heap before GC invocations=8 (full 2):
 PSYoungGen      total 186880K, used 186863K [0x000000076b400000, 0x000000077d980000, 0x00000007c0000000)
  eden space 176128K, 100% used [0x000000076b400000,0x0000000776000000,0x0000000776000000)
  from space 10752K, 99% used [0x0000000776000000,0x0000000776a7bf90,0x0000000776a80000)
  to   space 22528K, 0% used [0x000000077c380000,0x000000077c380000,0x000000077d980000)
 ParOldGen       total 203776K, used 32142K [0x00000006c1c00000, 0x00000006ce300000, 0x000000076b400000)
  object space 203776K, 15% used [0x00000006c1c00000,0x00000006c3b63a58,0x00000006ce300000)
 Metaspace       used 36631K, capacity 39417K, committed 39768K, reserved 1081344K
  class space    used 7205K, capacity 8224K, committed 8320K, reserved 1048576K
Event: 3.642 GC heap after
Heap after GC invocations=8 (full 2):
 PSYoungGen      total 276480K, used 18551K [0x000000076b400000, 0x000000077e300000, 0x00000007c0000000)
  eden space 253952K, 0% used [0x000000076b400000,0x000000076b400000,0x000000077ac00000)
  from space 22528K, 82% used [0x000000077c380000,0x000000077d59de68,0x000000077d980000)
  to   space 24064K, 0% used [0x000000077ac00000,0x000000077ac00000,0x000000077c380000)
 ParOldGen       total 203776K, used 32150K [0x00000006c1c00000, 0x00000006ce300000, 0x000000076b400000)
  object space 203776K, 15% used [0x00000006c1c00000,0x00000006c3b65a58,0x00000006ce300000)
 Metaspace       used 36631K, capacity 39417K, committed 39768K, reserved 1081344K
  class space    used 7205K, capacity 8224K, committed 8320K, reserved 1048576K
}
Event: 4.232 GC heap before
{Heap before GC invocations=9 (full 2):
 PSYoungGen      total 276480K, used 272503K [0x000000076b400000, 0x000000077e300000, 0x00000007c0000000)
  eden space 253952K, 100% used [0x000000076b400000,0x000000077ac00000,0x000000077ac00000)
  from space 22528K, 82% used [0x000000077c380000,0x000000077d59de68,0x000000077d980000)
  to   space 24064K, 0% used [0x000000077ac00000,0x000000077ac00000,0x000000077c380000)
 ParOldGen       total 203776K, used 32150K [0x00000006c1c00000, 0x00000006ce300000, 0x000000076b400000)
  object space 203776K, 15% used [0x00000006c1c00000,0x00000006c3b65a58,0x00000006ce300000)
 Metaspace       used 38487K, capacity 41381K, committed 41688K, reserved 1083392K
  class space    used 7581K, capacity 8598K, committed 8704K, reserved 1048576K
Event: 4.251 GC heap after
Heap after GC invocations=9 (full 2):
 PSYoungGen      total 278016K, used 22823K [0x000000076b400000, 0x0000000785c80000, 0x00000007c0000000)
  eden space 253952K, 0% used [0x000000076b400000,0x000000076b400000,0x000000077ac00000)
  from space 24064K, 94% used [0x000000077ac00000,0x000000077c249e00,0x000000077c380000)
  to   space 27136K, 0% used [0x0000000784200000,0x0000000784200000,0x0000000785c80000)
 ParOldGen       total 203776K, used 32158K [0x00000006c1c00000, 0x00000006ce300000, 0x000000076b400000)
  object space 203776K, 15% used [0x00000006c1c00000,0x00000006c3b67a58,0x00000006ce300000)
 Metaspace       used 38487K, capacity 41381K, committed 41688K, reserved 1083392K
  class space    used 7581K, capacity 8598K, committed 8704K, reserved 1048576K
}

Deoptimization events (10 events):
Event: 4.314 Thread 0x0000000020c0c000 Uncommon trap: reason=unstable_if action=reinterpret pc=0x00000000032736b8 method=javax.swing.text.html.parser.Parser.parseContent()V @ 818
Event: 4.351 Thread 0x0000000002d9e000 Uncommon trap: reason=class_check action=maybe_recompile pc=0x00000000034263e0 method=clojure.lang.APersistentVector.doEquiv(Lclojure/lang/IPersistentVector;Ljava/lang/Object;)Z @ 8
Event: 4.351 Thread 0x0000000002d9e000 Uncommon trap: reason=class_check action=maybe_recompile pc=0x00000000034263e0 method=clojure.lang.APersistentVector.doEquiv(Lclojure/lang/IPersistentVector;Ljava/lang/Object;)Z @ 8
Event: 4.351 Thread 0x0000000002d9e000 Uncommon trap: reason=class_check action=maybe_recompile pc=0x00000000034263e0 method=clojure.lang.APersistentVector.doEquiv(Lclojure/lang/IPersistentVector;Ljava/lang/Object;)Z @ 8
Event: 4.351 Thread 0x0000000002d9e000 Uncommon trap: reason=class_check action=maybe_recompile pc=0x00000000034263e0 method=clojure.lang.APersistentVector.doEquiv(Lclojure/lang/IPersistentVector;Ljava/lang/Object;)Z @ 8
Event: 4.351 Thread 0x0000000002d9e000 Uncommon trap: reason=class_check action=maybe_recompile pc=0x00000000031d3ca0 method=clojure.lang.APersistentVector.doEquiv(Lclojure/lang/IPersistentVector;Ljava/lang/Object;)Z @ 8
Event: 4.443 Thread 0x0000000002d9e000 Uncommon trap: reason=unstable_if action=reinterpret pc=0x0000000003cfc83c method=java.lang.StringCoding.safeTrim([CILjava/nio/charset/Charset;Z)[C @ 3
Event: 4.551 Thread 0x0000000020c0c000 Uncommon trap: reason=unstable_if action=reinterpret pc=0x0000000004113294 method=com.sun.tools.javac.parser.JavadocTokenizer$JavadocComment.scanDocComment()V @ 489
Event: 4.557 Thread 0x0000000002d9e000 Uncommon trap: reason=unstable_if action=reinterpret pc=0x0000000003ff2ec8 method=java.util.regex.Matcher.quoteReplacement(Ljava/lang/String;)Ljava/lang/String; @ 7
Event: 4.587 Thread 0x0000000020c0c000 Uncommon trap: reason=unstable_if action=reinterpret pc=0x0000000003f01258 method=com.sun.tools.javac.util.ArrayUtils.ensureCapacity([BI)[B @ 3

Internal exceptions (10 events):
Event: 4.517 Thread 0x0000000020c0c000 Exception <a 'java/io/FileNotFoundException'> (0x000000077032da40) thrown at [C:\re\workspace\8-2-build-windows-amd64-cygwin\jdk8u112\7884\hotspot\src\share\vm\prims\jni.cpp, line 709]
Event: 4.517 Thread 0x0000000020c0c000 Exception <a 'java/io/FileNotFoundException'> (0x000000077032f540) thrown at [C:\re\workspace\8-2-build-windows-amd64-cygwin\jdk8u112\7884\hotspot\src\share\vm\prims\jni.cpp, line 709]
Event: 4.537 Thread 0x0000000020c0c000 Exception <a 'java/io/FileNotFoundException'> (0x00000007709d60b0) thrown at [C:\re\workspace\8-2-build-windows-amd64-cygwin\jdk8u112\7884\hotspot\src\share\vm\prims\jni.cpp, line 709]
Event: 4.537 Thread 0x0000000020c0c000 Exception <a 'java/io/FileNotFoundException'> (0x00000007709d7bb0) thrown at [C:\re\workspace\8-2-build-windows-amd64-cygwin\jdk8u112\7884\hotspot\src\share\vm\prims\jni.cpp, line 709]
Event: 4.559 Thread 0x0000000020c0c000 Exception <a 'java/io/FileNotFoundException'> (0x00000007714edb50) thrown at [C:\re\workspace\8-2-build-windows-amd64-cygwin\jdk8u112\7884\hotspot\src\share\vm\prims\jni.cpp, line 709]
Event: 4.559 Thread 0x0000000020c0c000 Exception <a 'java/io/FileNotFoundException'> (0x00000007714ef650) thrown at [C:\re\workspace\8-2-build-windows-amd64-cygwin\jdk8u112\7884\hotspot\src\share\vm\prims\jni.cpp, line 709]
Event: 4.617 Thread 0x0000000020c0c000 Exception <a 'java/io/FileNotFoundException'> (0x0000000772986210) thrown at [C:\re\workspace\8-2-build-windows-amd64-cygwin\jdk8u112\7884\hotspot\src\share\vm\prims\jni.cpp, line 709]
Event: 4.618 Thread 0x0000000020c0c000 Exception <a 'java/io/FileNotFoundException'> (0x0000000772987d10) thrown at [C:\re\workspace\8-2-build-windows-amd64-cygwin\jdk8u112\7884\hotspot\src\share\vm\prims\jni.cpp, line 709]
Event: 4.659 Thread 0x0000000020c0c000 Exception <a 'java/io/FileNotFoundException'> (0x00000007736f5b28) thrown at [C:\re\workspace\8-2-build-windows-amd64-cygwin\jdk8u112\7884\hotspot\src\share\vm\prims\jni.cpp, line 709]
Event: 4.660 Thread 0x0000000020c0c000 Exception <a 'java/io/FileNotFoundException'> (0x00000007736f7628) thrown at [C:\re\workspace\8-2-build-windows-amd64-cygwin\jdk8u112\7884\hotspot\src\share\vm\prims\jni.cpp, line 709]

Events (10 events):
Event: 4.607 Thread 0x0000000020c0c000 DEOPT PACKING pc=0x00000000041a6b69 sp=0x0000000022b4eb70
Event: 4.607 Thread 0x0000000020c0c000 DEOPT UNPACKING pc=0x00000000030d787f sp=0x0000000022b4e938 mode 0
Event: 4.645 Thread 0x0000000020c0c000 DEOPT PACKING pc=0x0000000003f852f5 sp=0x0000000022b4e390
Event: 4.645 Thread 0x0000000020c0c000 DEOPT UNPACKING pc=0x00000000030d787f sp=0x0000000022b4e0c0 mode 0
Event: 4.645 Thread 0x0000000020c0c000 DEOPT PACKING pc=0x00000000035e7669 sp=0x0000000022b4dd50
Event: 4.645 Thread 0x0000000020c0c000 DEOPT UNPACKING pc=0x00000000030d787f sp=0x0000000022b4db38 mode 0
Event: 4.650 Thread 0x0000000020c0c000 DEOPT PACKING pc=0x00000000041a6b69 sp=0x0000000022b4eb70
Event: 4.650 Thread 0x0000000020c0c000 DEOPT UNPACKING pc=0x00000000030d787f sp=0x0000000022b4e938 mode 0
Event: 4.677 Thread 0x0000000002d9e000 DEOPT PACKING pc=0x0000000003844a17 sp=0x0000000002f86e80
Event: 4.677 Thread 0x0000000002d9e000 DEOPT UNPACKING pc=0x00000000030d787f sp=0x0000000002f86d80 mode 0


Dynamic libraries:
0x00007ff749260000 - 0x00007ff749297000 	C:\Program Files\Java\jdk1.8.0_112\bin\java.exe
0x00007ff909ef0000 - 0x00007ff90a0c1000 	C:\WINDOWS\SYSTEM32\ntdll.dll
0x00007ff909bb0000 - 0x00007ff909c5c000 	C:\WINDOWS\System32\KERNEL32.DLL
0x00007ff907260000 - 0x00007ff90747d000 	C:\WINDOWS\System32\KERNELBASE.dll
0x00007ff909c70000 - 0x00007ff909d12000 	C:\WINDOWS\System32\ADVAPI32.dll
0x00007ff909510000 - 0x00007ff9095ae000 	C:\WINDOWS\System32\msvcrt.dll
0x00007ff907480000 - 0x00007ff9074d9000 	C:\WINDOWS\System32\sechost.dll
0x00007ff909750000 - 0x00007ff909871000 	C:\WINDOWS\System32\RPCRT4.dll
0x00007ff908dd0000 - 0x00007ff908f35000 	C:\WINDOWS\System32\USER32.dll
0x00007ff907240000 - 0x00007ff90725e000 	C:\WINDOWS\System32\win32u.dll
0x00007ff909370000 - 0x00007ff9093a4000 	C:\WINDOWS\System32\GDI32.dll
0x00007ff906540000 - 0x00007ff9066c0000 	C:\WINDOWS\System32\gdi32full.dll
0x00007ff8fa2e0000 - 0x00007ff8fa55a000 	C:\WINDOWS\WinSxS\amd64_microsoft.windows.common-controls_6595b64144ccf1df_6.0.14393.953_none_42151e83c686086b\COMCTL32.dll
0x00007ff907550000 - 0x00007ff907818000 	C:\WINDOWS\System32\combase.dll
0x00007ff907090000 - 0x00007ff907185000 	C:\WINDOWS\System32\ucrtbase.dll
0x00007ff9066c0000 - 0x00007ff90672a000 	C:\WINDOWS\System32\bcryptPrimitives.dll
0x00007ff909720000 - 0x00007ff90974e000 	C:\WINDOWS\System32\IMM32.DLL
0x0000000057b60000 - 0x0000000057c32000 	C:\Program Files\Java\jdk1.8.0_112\jre\bin\msvcr100.dll
0x00000000572c0000 - 0x0000000057b5a000 	C:\Program Files\Java\jdk1.8.0_112\jre\bin\server\jvm.dll
0x00007ff909710000 - 0x00007ff909718000 	C:\WINDOWS\System32\PSAPI.DLL
0x00007ff902770000 - 0x00007ff902779000 	C:\WINDOWS\SYSTEM32\WSOCK32.dll
0x00007ff903ca0000 - 0x00007ff903cc3000 	C:\WINDOWS\SYSTEM32\WINMM.dll
0x00007ff9048d0000 - 0x00007ff9048da000 	C:\WINDOWS\SYSTEM32\VERSION.dll
0x00007ff909d20000 - 0x00007ff909d8a000 	C:\WINDOWS\System32\WS2_32.dll
0x0000000002cd0000 - 0x0000000002cfb000 	C:\WINDOWS\SYSTEM32\WINMMBASE.dll
0x00007ff906490000 - 0x00007ff9064d2000 	C:\WINDOWS\System32\cfgmgr32.dll
0x00000000572b0000 - 0x00000000572bf000 	C:\Program Files\Java\jdk1.8.0_112\jre\bin\verify.dll
0x0000000057280000 - 0x00000000572a9000 	C:\Program Files\Java\jdk1.8.0_112\jre\bin\java.dll
0x0000000057260000 - 0x0000000057276000 	C:\Program Files\Java\jdk1.8.0_112\jre\bin\zip.dll
0x00007ff907820000 - 0x00007ff908d28000 	C:\WINDOWS\System32\SHELL32.dll
0x00007ff906730000 - 0x00007ff906e0a000 	C:\WINDOWS\System32\windows.storage.dll
0x00007ff9063a0000 - 0x00007ff9063ec000 	C:\WINDOWS\System32\powrprof.dll
0x00007ff9095b0000 - 0x00007ff909602000 	C:\WINDOWS\System32\shlwapi.dll
0x00007ff906380000 - 0x00007ff90638f000 	C:\WINDOWS\System32\kernel.appcore.dll
0x00007ff907190000 - 0x00007ff907239000 	C:\WINDOWS\System32\shcore.dll
0x00007ff906360000 - 0x00007ff906374000 	C:\WINDOWS\System32\profapi.dll
0x0000000057230000 - 0x0000000057254000 	C:\Program Files\Java\jdk1.8.0_112\jre\bin\sunec.dll
0x0000000057210000 - 0x000000005722a000 	C:\Program Files\Java\jdk1.8.0_112\jre\bin\net.dll
0x00007ff905990000 - 0x00007ff9059ec000 	C:\WINDOWS\system32\mswsock.dll
0x00007ff905710000 - 0x00007ff905748000 	C:\WINDOWS\SYSTEM32\IPHLPAPI.DLL
0x00007ff909c60000 - 0x00007ff909c68000 	C:\WINDOWS\System32\NSI.dll
0x00007ff8ff2a0000 - 0x00007ff8ff2b6000 	C:\WINDOWS\SYSTEM32\dhcpcsvc6.DLL
0x00007ff8ff540000 - 0x00007ff8ff55a000 	C:\WINDOWS\SYSTEM32\dhcpcsvc.DLL
0x00000000571f0000 - 0x0000000057201000 	C:\Program Files\Java\jdk1.8.0_112\jre\bin\nio.dll
0x00007ff905e20000 - 0x00007ff905e37000 	C:\WINDOWS\SYSTEM32\CRYPTSP.dll
0x00007ff905590000 - 0x00007ff9055c3000 	C:\WINDOWS\system32\rsaenh.dll
0x00007ff905d90000 - 0x00007ff905dbb000 	C:\WINDOWS\SYSTEM32\bcrypt.dll
0x00007ff905810000 - 0x00007ff90582f000 	C:\WINDOWS\SYSTEM32\USERENV.dll
0x00007ff905b30000 - 0x00007ff905b3b000 	C:\WINDOWS\SYSTEM32\CRYPTBASE.dll
0x0000000057050000 - 0x00000000571e8000 	C:\Program Files\Java\jdk1.8.0_112\jre\bin\awt.dll
0x00007ff909af0000 - 0x00007ff909baf000 	C:\WINDOWS\System32\OLEAUT32.dll
0x00007ff9063f0000 - 0x00007ff90648c000 	C:\WINDOWS\System32\msvcp_win.dll
0x00007ff903e30000 - 0x00007ff903eaa000 	C:\WINDOWS\SYSTEM32\apphelp.dll

VM Arguments:
jvm_args: -Dclojure.compile.path=c:\Users\Henry\Documents\GitHub\atom-finder/target/classes -Dleiningen.original.pwd=c:\Users\Henry\Documents\GitHub\atom-finder 
java_command: clojure.main -m leiningen.core.main repl :headless
java_class_path (initial): C:\Users\Henry\.lein\self-installs\leiningen-2.7.1-standalone.jar
Launcher Type: SUN_STANDARD

Environment Variables:
CLASSPATH=C:\Users\Henry\.lein\self-installs\leiningen-2.7.1-standalone.jar
PATH=C:\ProgramData\Oracle\Java\javapath;C:\Program Files (x86)\Intel\iCLS Client\;C:\Program Files\Intel\iCLS Client\;C:\Windows\system32;C:\Windows;C:\Windows\System32\Wbem;C:\Windows\System32\WindowsPowerShell\v1.0\;C:\Program Files (x86)\Intel\Intel(R) Management Engine Components\DAL;C:\Program Files\Intel\Intel(R) Management Engine Components\DAL;C:\Program Files (x86)\Intel\Intel(R) Management Engine Components\IPT;C:\Program Files\Intel\Intel(R) Management Engine Components\IPT;C:\Program Files (x86)\NVIDIA Corporation\PhysX\Common;C:\Program Files\Microsoft SQL Server\120\Tools\Binn\;C:\WINDOWS\system32\config\systemprofile\.dnx\bin;C:\Program Files\Microsoft DNX\Dnvm\;C:\Program Files (x86)\Windows Kits\8.1\Windows Performance Toolkit\;C:\Program Files\Microsoft SQL Server\130\Tools\Binn\;C:\WINDOWS\system32;C:\WINDOWS;C:\WINDOWS\System32\Wbem;C:\WINDOWS\System32\WindowsPowerShell\v1.0\;C:\Program Files (x86)\GtkSharp\2.12\bin;C:\Program Files (x86)\Skype\Phone\;%LOCALAPPDATA%\simple2d;D:\Software\Python;D:\Software\Python\Scripts;D:\Software\Python\Library\bin;c:\users\henry\appdata\local\enthought\canopy\user\scripts;D:\Software\RailsInstaller\Git\cmd;C:\Users\Henry\AppData\Local\Microsoft\WindowsApps;D:\Software\.lein\bin;C:\Users\Henry\AppData\Local\Enthought\Canopy\User;C:\Users\Henry\AppData\Local\Enthought\Canopy\User\Scripts;D:\Software\Python\User;D:\Software\Python\User\Scripts
USERNAME=Henry
SHELL=D:/Software/emacs/libexec/emacs/25.1/i686-w64-mingw32/cmdproxy.exe
DISPLAY=w32
OS=Windows_NT
PROCESSOR_IDENTIFIER=Intel64 Family 6 Model 94 Stepping 3, GenuineIntel



---------------  S Y S T E M  ---------------

OS: Windows 10.0 , 64 bit Build 14393 (10.0.14393.1198)

CPU:total 8 (4 cores per cpu, 2 threads per core) family 6 model 94 stepping 3, cmov, cx8, fxsr, mmx, sse, sse2, sse3, ssse3, sse4.1, sse4.2, popcnt, avx, avx2, aes, clmul, erms, rtm, 3dnowpref, lzcnt, ht, tsc, tscinvbit, bmi1, bmi2, adx

Memory: 4k page, physical 16659596k(3219696k free), swap 32015020k(6452k free)

vm_info: Java HotSpot(TM) 64-Bit Server VM (25.112-b15) for windows-amd64 JRE (1.8.0_112-b15), built on Sep 22 2016 21:31:56 by "java_re" with MS VC++ 10.0 (VS2010)

time: Tue Jul 11 12:39:50 2017
elapsed time: 4 seconds (0d 0h 0m 4s)

