#
# There is insufficient memory for the Java Runtime Environment to continue.
# Native memory allocation (malloc) failed to allocate 32744 bytes for ChunkPool::allocate
# Possible reasons:
#   The system is out of physical RAM or swap space
#   In 32 bit mode, the process size limit was hit
# Possible solutions:
#   Reduce memory load on the system
#   Increase physical memory or swap space
#   Check if swap backing store is full
#   Use 64 bit Java on a 64 bit OS
#   Decrease Java heap size (-Xmx/-Xms)
#   Decrease number of Java threads
#   Decrease Java thread stack sizes (-Xss)
#   Set larger code cache with -XX:ReservedCodeCacheSize=
# This output file may be truncated or incomplete.
#
#  Out of Memory Error (allocation.cpp:273), pid=10868, tid=0x00000000000022f0
#
# JRE version: Java(TM) SE Runtime Environment (8.0_112-b15) (build 1.8.0_112-b15)
# Java VM: Java HotSpot(TM) 64-Bit Server VM (25.112-b15 mixed mode windows-amd64 compressed oops)
# Failed to write core dump. Minidumps are not enabled by default on client versions of Windows
#

---------------  T H R E A D  ---------------

Current thread (0x000000003aff5000):  JavaThread "C2 CompilerThread0" daemon [_thread_in_native, id=8944, stack(0x000000003ccb0000,0x000000003cdb0000)]

Stack: [0x000000003ccb0000,0x000000003cdb0000]
[error occurred during error reporting (printing stack bounds), id 0xc0000005]

Native frames: (J=compiled Java code, j=interpreted, Vv=VM code, C=native code)


Current CompileTask:
C2:   5467 3690   !   4       org.eclipse.cdt.internal.core.dom.parser.cpp.GNUCPPSourceParser::declarator (634 bytes)


---------------  P R O C E S S  ---------------

Java Threads: ( => current thread )
  0x000000003b08f800 JavaThread "Service Thread" daemon [_thread_blocked, id=2952, stack(0x000000003d0b0000,0x000000003d8b0000)]
  0x000000003affe000 JavaThread "C1 CompilerThread3" daemon [_thread_blocked, id=8828, stack(0x000000003cfb0000,0x000000003d0b0000)]
  0x000000003affa000 JavaThread "C2 CompilerThread2" daemon [_thread_in_native, id=4392, stack(0x000000003ceb0000,0x000000003cfb0000)]
  0x000000003aff8000 JavaThread "C2 CompilerThread1" daemon [_thread_in_native, id=2568, stack(0x000000003cdb0000,0x000000003ceb0000)]
=>0x000000003aff5000 JavaThread "C2 CompilerThread0" daemon [_thread_in_native, id=8944, stack(0x000000003ccb0000,0x000000003cdb0000)]
  0x000000003aff2800 JavaThread "Attach Listener" daemon [_thread_blocked, id=3376, stack(0x000000003c4b0000,0x000000003ccb0000)]
  0x000000003aff1800 JavaThread "Signal Dispatcher" daemon [_thread_blocked, id=1028, stack(0x000000003bcb0000,0x000000003c4b0000)]
  0x000000003afe0800 JavaThread "Finalizer" daemon [_thread_blocked, id=10932, stack(0x000000003b3c0000,0x000000003bbc0000)]
  0x000000000250b800 JavaThread "Reference Handler" daemon [_thread_blocked, id=3936, stack(0x000000003a7c0000,0x000000003afc0000)]
  0x0000000002413800 JavaThread "main" [_thread_in_vm, id=1876, stack(0x0000000002580000,0x0000000002d80000)]

Other Threads:
  0x00000000389da000 VMThread [stack: 0x000000003a6c0000,0x000000003a7c0000] [id=1784]
  0x000000003b0b4000 WatcherThread [stack: 0x000000003d8b0000,0x000000003d9b0000] [id=6852]

VM state:not at safepoint (normal execution)

VM Mutex/Monitor currently owned by a thread: None

Heap:
 PSYoungGen      total 143360K, used 15477K [0x000000066ab00000, 0x0000000676480000, 0x00000007c0000000)
  eden space 133120K, 3% used [0x000000066ab00000,0x000000066b023788,0x0000000672d00000)
  from space 10240K, 99% used [0x0000000672d00000,0x00000006736f9db8,0x0000000673700000)
  to   space 15872K, 0% used [0x0000000675500000,0x0000000675500000,0x0000000676480000)
 ParOldGen       total 105472K, used 25075K [0x00000003c0000000, 0x00000003c6700000, 0x000000066ab00000)
  object space 105472K, 23% used [0x00000003c0000000,0x00000003c187cea8,0x00000003c6700000)
 Metaspace       used 32885K, capacity 41560K, committed 41640K, reserved 1079296K
  class space    used 7156K, capacity 11168K, committed 11184K, reserved 1048576K

Card table byte_map: [0x0000000012140000,0x0000000014150000] byte_map_base: 0x0000000010340000

Marking Bits: (ParMarkBitMap*) 0x0000000057ada6d0
 Begin Bits: [0x0000000015eb0000, 0x0000000025eb0000)
 End Bits:   [0x0000000025eb0000, 0x0000000035eb0000)

Polling page: 0x0000000002320000

CodeCache: size=245760Kb used=15729Kb max_used=15881Kb free=230030Kb
 bounds [0x0000000002d80000, 0x0000000003d20000, 0x0000000011d80000]
 total_blobs=3517 nmethods=3114 adapters=314
 compilation: enabled

Compilation events (10 events):
Event: 5.408 Thread 0x000000003aff5000 nmethod 3731 0x0000000003cf96d0 code [0x0000000003cf9aa0, 0x0000000003cfc9c8]
Event: 5.408 Thread 0x000000003aff5000 3685       4       org.eclipse.cdt.core.parser.util.CollectionUtils::merge (44 bytes)
Event: 5.409 Thread 0x000000003aff5000 nmethod 3685 0x000000000330b890 code [0x000000000330b9c0, 0x000000000330ba18]
Event: 5.409 Thread 0x000000003aff5000 3712       4       org.eclipse.cdt.internal.core.dom.parser.cpp.CPPASTDeclarator::setName (30 bytes)
Event: 5.409 Thread 0x000000003aff5000 nmethod 3712 0x0000000003ce9150 code [0x0000000003ce92a0, 0x0000000003ce93f8]
Event: 5.409 Thread 0x000000003aff5000 3690   !   4       org.eclipse.cdt.internal.core.dom.parser.cpp.GNUCPPSourceParser::declarator (634 bytes)
Event: 5.429 Thread 0x000000003affe000 3774 %     3       org.eclipse.cdt.internal.core.parser.scanner.Lexer::fetchToken @ 0 (2439 bytes)
Event: 5.436 Thread 0x000000003affe000 nmethod 3774% 0x0000000003d000d0 code [0x0000000003d00f00, 0x0000000003d081c8]
Event: 5.437 Thread 0x000000003affe000 3776       3       org.eclipse.cdt.internal.core.parser.scanner.Lexer::fetchToken (2439 bytes)
Event: 5.444 Thread 0x000000003affe000 nmethod 3776 0x0000000003d0be50 code [0x0000000003d0cc80, 0x0000000003d13de8]

GC Heap History (10 events):
Event: 3.336 GC heap before
{Heap before GC invocations=7 (full 1):
 PSYoungGen      total 76288K, used 69525K [0x000000066ab00000, 0x0000000671b80000, 0x00000007c0000000)
  eden space 65536K, 100% used [0x000000066ab00000,0x000000066eb00000,0x000000066eb00000)
  from space 10752K, 37% used [0x000000066eb00000,0x000000066eee5798,0x000000066f580000)
  to   space 9728K, 0% used [0x0000000671200000,0x0000000671200000,0x0000000671b80000)
 ParOldGen       total 105472K, used 6246K [0x00000003c0000000, 0x00000003c6700000, 0x000000066ab00000)
  object space 105472K, 5% used [0x00000003c0000000,0x00000003c06199c8,0x00000003c6700000)
 Metaspace       used 23595K, capacity 29328K, committed 29488K, reserved 1071104K
  class space    used 5285K, capacity 7689K, committed 7728K, reserved 1048576K
Event: 3.339 GC heap after
Heap after GC invocations=7 (full 1):
 PSYoungGen      total 102400K, used 5332K [0x000000066ab00000, 0x0000000671a00000, 0x00000007c0000000)
  eden space 94208K, 0% used [0x000000066ab00000,0x000000066ab00000,0x0000000670700000)
  from space 8192K, 65% used [0x0000000671200000,0x0000000671735028,0x0000000671a00000)
  to   space 9728K, 0% used [0x0000000670700000,0x0000000670700000,0x0000000671080000)
 ParOldGen       total 105472K, used 6254K [0x00000003c0000000, 0x00000003c6700000, 0x000000066ab00000)
  object space 105472K, 5% used [0x00000003c0000000,0x00000003c061b9c8,0x00000003c6700000)
 Metaspace       used 23595K, capacity 29328K, committed 29488K, reserved 1071104K
  class space    used 5285K, capacity 7689K, committed 7728K, reserved 1048576K
}
Event: 3.851 GC heap before
{Heap before GC invocations=8 (full 1):
 PSYoungGen      total 102400K, used 99540K [0x000000066ab00000, 0x0000000671a00000, 0x00000007c0000000)
  eden space 94208K, 100% used [0x000000066ab00000,0x0000000670700000,0x0000000670700000)
  from space 8192K, 65% used [0x0000000671200000,0x0000000671735028,0x0000000671a00000)
  to   space 9728K, 0% used [0x0000000670700000,0x0000000670700000,0x0000000671080000)
 ParOldGen       total 105472K, used 6254K [0x00000003c0000000, 0x00000003c6700000, 0x000000066ab00000)
  object space 105472K, 5% used [0x00000003c0000000,0x00000003c061b9c8,0x00000003c6700000)
 Metaspace       used 26167K, capacity 34114K, committed 34224K, reserved 1073152K
  class space    used 6126K, capacity 9878K, committed 9904K, reserved 1048576K
Event: 3.856 GC heap after
Heap after GC invocations=8 (full 1):
 PSYoungGen      total 103936K, used 7370K [0x000000066ab00000, 0x0000000674080000, 0x00000007c0000000)
  eden space 94208K, 0% used [0x000000066ab00000,0x000000066ab00000,0x0000000670700000)
  from space 9728K, 75% used [0x0000000670700000,0x0000000670e32858,0x0000000671080000)
  to   space 9728K, 0% used [0x0000000673700000,0x0000000673700000,0x0000000674080000)
 ParOldGen       total 105472K, used 6262K [0x00000003c0000000, 0x00000003c6700000, 0x000000066ab00000)
  object space 105472K, 5% used [0x00000003c0000000,0x00000003c061d9c8,0x00000003c6700000)
 Metaspace       used 26167K, capacity 34114K, committed 34224K, reserved 1073152K
  class space    used 6126K, capacity 9878K, committed 9904K, reserved 1048576K
}
Event: 4.023 GC heap before
{Heap before GC invocations=9 (full 1):
 PSYoungGen      total 103936K, used 32708K [0x000000066ab00000, 0x0000000674080000, 0x00000007c0000000)
  eden space 94208K, 26% used [0x000000066ab00000,0x000000066c3beb00,0x0000000670700000)
  from space 9728K, 75% used [0x0000000670700000,0x0000000670e32858,0x0000000671080000)
  to   space 9728K, 0% used [0x0000000673700000,0x0000000673700000,0x0000000674080000)
 ParOldGen       total 105472K, used 6262K [0x00000003c0000000, 0x00000003c6700000, 0x000000066ab00000)
  object space 105472K, 5% used [0x00000003c0000000,0x00000003c061d9c8,0x00000003c6700000)
 Metaspace       used 27366K, capacity 35492K, committed 35496K, reserved 1075200K
  class space    used 6353K, capacity 10156K, committed 10160K, reserved 1048576K
Event: 4.027 GC heap after
Heap after GC invocations=9 (full 1):
 PSYoungGen      total 142848K, used 7998K [0x000000066ab00000, 0x0000000674880000, 0x00000007c0000000)
  eden space 133120K, 0% used [0x000000066ab00000,0x000000066ab00000,0x0000000672d00000)
  from space 9728K, 82% used [0x0000000673700000,0x0000000673ecfa78,0x0000000674080000)
  to   space 10240K, 0% used [0x0000000672d00000,0x0000000672d00000,0x0000000673700000)
 ParOldGen       total 105472K, used 6270K [0x00000003c0000000, 0x00000003c6700000, 0x000000066ab00000)
  object space 105472K, 5% used [0x00000003c0000000,0x00000003c061f9c8,0x00000003c6700000)
 Metaspace       used 27366K, capacity 35492K, committed 35496K, reserved 1075200K
  class space    used 6353K, capacity 10156K, committed 10160K, reserved 1048576K
}
Event: 4.027 GC heap before
{Heap before GC invocations=10 (full 2):
 PSYoungGen      total 142848K, used 7998K [0x000000066ab00000, 0x0000000674880000, 0x00000007c0000000)
  eden space 133120K, 0% used [0x000000066ab00000,0x000000066ab00000,0x0000000672d00000)
  from space 9728K, 82% used [0x0000000673700000,0x0000000673ecfa78,0x0000000674080000)
  to   space 10240K, 0% used [0x0000000672d00000,0x0000000672d00000,0x0000000673700000)
 ParOldGen       total 105472K, used 6270K [0x00000003c0000000, 0x00000003c6700000, 0x000000066ab00000)
  object space 105472K, 5% used [0x00000003c0000000,0x00000003c061f9c8,0x00000003c6700000)
 Metaspace       used 27366K, capacity 35492K, committed 35496K, reserved 1075200K
  class space    used 6353K, capacity 10156K, committed 10160K, reserved 1048576K
Event: 4.091 GC heap after
Heap after GC invocations=10 (full 2):
 PSYoungGen      total 142848K, used 0K [0x000000066ab00000, 0x0000000674880000, 0x00000007c0000000)
  eden space 133120K, 0% used [0x000000066ab00000,0x000000066ab00000,0x0000000672d00000)
  from space 9728K, 0% used [0x0000000673700000,0x0000000673700000,0x0000000674080000)
  to   space 10240K, 0% used [0x0000000672d00000,0x0000000672d00000,0x0000000673700000)
 ParOldGen       total 105472K, used 13637K [0x00000003c0000000, 0x00000003c6700000, 0x000000066ab00000)
  object space 105472K, 12% used [0x00000003c0000000,0x00000003c0d51548,0x00000003c6700000)
 Metaspace       used 27359K, capacity 35480K, committed 35496K, reserved 1075200K
  class space    used 6351K, capacity 10152K, committed 10160K, reserved 1048576K
}
Event: 5.416 GC heap before
{Heap before GC invocations=11 (full 2):
 PSYoungGen      total 142848K, used 133120K [0x000000066ab00000, 0x0000000674880000, 0x00000007c0000000)
  eden space 133120K, 100% used [0x000000066ab00000,0x0000000672d00000,0x0000000672d00000)
  from space 9728K, 0% used [0x0000000673700000,0x0000000673700000,0x0000000674080000)
  to   space 10240K, 0% used [0x0000000672d00000,0x0000000672d00000,0x0000000673700000)
 ParOldGen       total 105472K, used 13637K [0x00000003c0000000, 0x00000003c6700000, 0x000000066ab00000)
  object space 105472K, 12% used [0x00000003c0000000,0x00000003c0d51548,0x00000003c6700000)
 Metaspace       used 32885K, capacity 41560K, committed 41640K, reserved 1079296K
  class space    used 7156K, capacity 11168K, committed 11184K, reserved 1048576K
Event: 5.426 GC heap after
Heap after GC invocations=11 (full 2):
 PSYoungGen      total 143360K, used 10215K [0x000000066ab00000, 0x0000000676480000, 0x00000007c0000000)
  eden space 133120K, 0% used [0x000000066ab00000,0x000000066ab00000,0x0000000672d00000)
  from space 10240K, 99% used [0x0000000672d00000,0x00000006736f9db8,0x0000000673700000)
  to   space 15872K, 0% used [0x0000000675500000,0x0000000675500000,0x0000000676480000)
 ParOldGen       total 105472K, used 25075K [0x00000003c0000000, 0x00000003c6700000, 0x000000066ab00000)
  object space 105472K, 23% used [0x00000003c0000000,0x00000003c187cea8,0x00000003c6700000)
 Metaspace       used 32885K, capacity 41560K, committed 41640K, reserved 1079296K
  class space    used 7156K, capacity 11168K, committed 11184K, reserved 1048576K
}

Deoptimization events (10 events):
Event: 5.206 Thread 0x0000000002413800 Uncommon trap: reason=unstable_if action=reinterpret pc=0x0000000003c96998 method=org.eclipse.cdt.core.parser.util.ArrayUtil.trim([Ljava/lang/Object;Z)[Ljava/lang/Object; @ 4
Event: 5.206 Thread 0x0000000002413800 Uncommon trap: reason=unstable_if action=reinterpret pc=0x0000000003c4fbdc method=org.eclipse.cdt.internal.core.dom.parser.cpp.TemplateIdStrategy.setNextAlternative(Z)Z @ 4
Event: 5.208 Thread 0x0000000002413800 Uncommon trap: reason=unstable_if action=reinterpret pc=0x0000000003792c74 method=org.eclipse.cdt.internal.core.dom.parser.cpp.GNUCPPSourceParser.nameSpecifier(Lorg/eclipse/cdt/internal/core/dom/parser/AbstractGNUSourceCodeParser$CastExprCtx;Lorg/eclipse/
Event: 5.237 Thread 0x0000000002413800 Uncommon trap: reason=unstable_if action=reinterpret pc=0x00000000038ad544 method=org.eclipse.cdt.internal.core.parser.scanner.CPreprocessor.expandMacro(Lorg/eclipse/cdt/internal/core/parser/scanner/Token;Lorg/eclipse/cdt/internal/core/parser/scanner/Lexe
Event: 5.237 Thread 0x0000000002413800 Uncommon trap: reason=unstable_if action=reinterpret pc=0x000000000312b9ec method=org.eclipse.cdt.internal.core.parser.scanner.CPreprocessor.internalFetchToken(Lorg/eclipse/cdt/internal/core/parser/scanner/ScannerContext;IZ)Lorg/eclipse/cdt/internal/core/
Event: 5.237 Thread 0x0000000002413800 Uncommon trap: reason=unstable_if action=reinterpret pc=0x0000000003c966ec method=org.eclipse.cdt.internal.core.parser.scanner.LocationMap.getSequenceNumberForOffset(I)I @ 10
Event: 5.237 Thread 0x0000000002413800 Uncommon trap: reason=unstable_if action=reinterpret pc=0x0000000003029e60 method=org.eclipse.cdt.internal.core.parser.scanner.LocationCtxContainer.getSequenceNumberForOffset(IZ)I @ 13
Event: 5.256 Thread 0x0000000002413800 Uncommon trap: reason=unstable_if action=reinterpret pc=0x00000000037496b0 method=org.eclipse.cdt.internal.core.dom.parser.cpp.GNUCPPSourceParser.castExpressionForBinaryExpression(Lorg/eclipse/cdt/internal/core/dom/parser/AbstractGNUSourceCodeParser$ITemp
Event: 5.379 Thread 0x0000000002413800 Uncommon trap: reason=unstable_if action=reinterpret pc=0x0000000003caa920 method=org.eclipse.cdt.internal.core.parser.scanner.Lexer.fetchToken()Lorg/eclipse/cdt/internal/core/parser/scanner/Token; @ 1270
Event: 5.385 Thread 0x0000000002413800 Uncommon trap: reason=uninitialized action=reinterpret pc=0x0000000003c520b8 method=org.eclipse.cdt.internal.core.dom.parser.AbstractGNUSourceCodeParser.castExpression(Lorg/eclipse/cdt/internal/core/dom/parser/AbstractGNUSourceCodeParser$CastExprCtx;Lorg/

Internal exceptions (10 events):
Event: 5.465 Thread 0x0000000002413800 Exception <a 'java/lang/ArrayIndexOutOfBoundsException'> (0x000000066af65a18) thrown at [C:\re\workspace\8-2-build-windows-amd64-cygwin\jdk8u112\7884\hotspot\src\share\vm\runtime\sharedRuntime.cpp, line 605]
Event: 5.465 Thread 0x0000000002413800 Exception <a 'java/lang/ArrayIndexOutOfBoundsException'> (0x000000066af66400) thrown at [C:\re\workspace\8-2-build-windows-amd64-cygwin\jdk8u112\7884\hotspot\src\share\vm\runtime\sharedRuntime.cpp, line 605]
Event: 5.465 Thread 0x0000000002413800 Exception <a 'java/lang/ArrayIndexOutOfBoundsException'> (0x000000066af6b360) thrown at [C:\re\workspace\8-2-build-windows-amd64-cygwin\jdk8u112\7884\hotspot\src\share\vm\runtime\sharedRuntime.cpp, line 605]
Event: 5.465 Thread 0x0000000002413800 Exception <a 'java/lang/ArrayIndexOutOfBoundsException'> (0x000000066af776e8) thrown at [C:\re\workspace\8-2-build-windows-amd64-cygwin\jdk8u112\7884\hotspot\src\share\vm\runtime\sharedRuntime.cpp, line 605]
Event: 5.465 Thread 0x0000000002413800 Exception <a 'java/lang/ArrayIndexOutOfBoundsException'> (0x000000066af7a5f8) thrown at [C:\re\workspace\8-2-build-windows-amd64-cygwin\jdk8u112\7884\hotspot\src\share\vm\runtime\sharedRuntime.cpp, line 605]
Event: 5.465 Thread 0x0000000002413800 Exception <a 'java/lang/ArrayIndexOutOfBoundsException'> (0x000000066af7bf50) thrown at [C:\re\workspace\8-2-build-windows-amd64-cygwin\jdk8u112\7884\hotspot\src\share\vm\runtime\sharedRuntime.cpp, line 605]
Event: 5.466 Thread 0x0000000002413800 Exception <a 'java/lang/ArrayIndexOutOfBoundsException'> (0x000000066af8bbb0) thrown at [C:\re\workspace\8-2-build-windows-amd64-cygwin\jdk8u112\7884\hotspot\src\share\vm\runtime\sharedRuntime.cpp, line 605]
Event: 5.466 Thread 0x0000000002413800 Exception <a 'java/lang/ArrayIndexOutOfBoundsException'> (0x000000066af8c458) thrown at [C:\re\workspace\8-2-build-windows-amd64-cygwin\jdk8u112\7884\hotspot\src\share\vm\runtime\sharedRuntime.cpp, line 605]
Event: 5.466 Thread 0x0000000002413800 Exception <a 'java/lang/ArrayIndexOutOfBoundsException'> (0x000000066af8d420) thrown at [C:\re\workspace\8-2-build-windows-amd64-cygwin\jdk8u112\7884\hotspot\src\share\vm\runtime\sharedRuntime.cpp, line 605]
Event: 5.466 Thread 0x0000000002413800 Exception <a 'java/lang/ArrayIndexOutOfBoundsException'> (0x000000066af8dcc8) thrown at [C:\re\workspace\8-2-build-windows-amd64-cygwin\jdk8u112\7884\hotspot\src\share\vm\runtime\sharedRuntime.cpp, line 605]

Events (10 events):
Event: 5.428 Executing VM operation: RevokeBias done
Event: 5.428 Executing VM operation: RevokeBias
Event: 5.428 Executing VM operation: RevokeBias done
Event: 5.428 Executing VM operation: RevokeBias
Event: 5.428 Executing VM operation: RevokeBias done
Event: 5.428 Executing VM operation: RevokeBias
Event: 5.428 Executing VM operation: RevokeBias done
Event: 5.444 Thread 0x000000003affe000 flushing nmethod 0x0000000002f1cb50
Event: 5.444 Thread 0x000000003affe000 flushing nmethod 0x0000000002f42410
Event: 5.444 Thread 0x000000003affe000 flushing nmethod 0x0000000002f42890


Dynamic libraries:
0x00007ff749260000 - 0x00007ff749297000 	C:\Program Files\Java\jdk1.8.0_112\bin\java.exe
0x00007ff909ef0000 - 0x00007ff90a0c1000 	C:\WINDOWS\SYSTEM32\ntdll.dll
0x00007ff909bb0000 - 0x00007ff909c5c000 	C:\WINDOWS\System32\KERNEL32.DLL
0x00007ff907260000 - 0x00007ff90747d000 	C:\WINDOWS\System32\KERNELBASE.dll
0x00007ff909c70000 - 0x00007ff909d12000 	C:\WINDOWS\System32\ADVAPI32.dll
0x00007ff909510000 - 0x00007ff9095ae000 	C:\WINDOWS\System32\msvcrt.dll
0x00007ff907480000 - 0x00007ff9074d9000 	C:\WINDOWS\System32\sechost.dll
0x00007ff909750000 - 0x00007ff909871000 	C:\WINDOWS\System32\RPCRT4.dll
0x00007ff908dd0000 - 0x00007ff908f35000 	C:\WINDOWS\System32\USER32.dll
0x00007ff907240000 - 0x00007ff90725e000 	C:\WINDOWS\System32\win32u.dll
0x00007ff909370000 - 0x00007ff9093a4000 	C:\WINDOWS\System32\GDI32.dll
0x00007ff906540000 - 0x00007ff9066c0000 	C:\WINDOWS\System32\gdi32full.dll
0x00007ff8fa2e0000 - 0x00007ff8fa55a000 	C:\WINDOWS\WinSxS\amd64_microsoft.windows.common-controls_6595b64144ccf1df_6.0.14393.953_none_42151e83c686086b\COMCTL32.dll
0x00007ff907550000 - 0x00007ff907818000 	C:\WINDOWS\System32\combase.dll
0x00007ff907090000 - 0x00007ff907185000 	C:\WINDOWS\System32\ucrtbase.dll
0x00007ff9066c0000 - 0x00007ff90672a000 	C:\WINDOWS\System32\bcryptPrimitives.dll
0x00007ff909720000 - 0x00007ff90974e000 	C:\WINDOWS\System32\IMM32.DLL
0x0000000057b60000 - 0x0000000057c32000 	C:\Program Files\Java\jdk1.8.0_112\jre\bin\msvcr100.dll
0x00000000572c0000 - 0x0000000057b5a000 	C:\Program Files\Java\jdk1.8.0_112\jre\bin\server\jvm.dll
0x00007ff909710000 - 0x00007ff909718000 	C:\WINDOWS\System32\PSAPI.DLL
0x00007ff902770000 - 0x00007ff902779000 	C:\WINDOWS\SYSTEM32\WSOCK32.dll
0x00007ff9048d0000 - 0x00007ff9048da000 	C:\WINDOWS\SYSTEM32\VERSION.dll
0x00007ff903ca0000 - 0x00007ff903cc3000 	C:\WINDOWS\SYSTEM32\WINMM.dll
0x00007ff909d20000 - 0x00007ff909d8a000 	C:\WINDOWS\System32\WS2_32.dll
0x00000000022f0000 - 0x000000000231b000 	C:\WINDOWS\SYSTEM32\WINMMBASE.dll
0x00007ff906490000 - 0x00007ff9064d2000 	C:\WINDOWS\System32\cfgmgr32.dll
0x00000000572b0000 - 0x00000000572bf000 	C:\Program Files\Java\jdk1.8.0_112\jre\bin\verify.dll
0x0000000057280000 - 0x00000000572a9000 	C:\Program Files\Java\jdk1.8.0_112\jre\bin\java.dll
0x0000000057260000 - 0x0000000057276000 	C:\Program Files\Java\jdk1.8.0_112\jre\bin\zip.dll
0x00007ff907820000 - 0x00007ff908d28000 	C:\WINDOWS\System32\SHELL32.dll
0x00007ff906730000 - 0x00007ff906e0a000 	C:\WINDOWS\System32\windows.storage.dll
0x00007ff9063a0000 - 0x00007ff9063ec000 	C:\WINDOWS\System32\powrprof.dll
0x00007ff9095b0000 - 0x00007ff909602000 	C:\WINDOWS\System32\shlwapi.dll
0x00007ff906380000 - 0x00007ff90638f000 	C:\WINDOWS\System32\kernel.appcore.dll
0x00007ff907190000 - 0x00007ff907239000 	C:\WINDOWS\System32\shcore.dll
0x00007ff906360000 - 0x00007ff906374000 	C:\WINDOWS\System32\profapi.dll
0x00007ff905e20000 - 0x00007ff905e37000 	C:\WINDOWS\SYSTEM32\CRYPTSP.dll
0x00007ff905590000 - 0x00007ff9055c3000 	C:\WINDOWS\system32\rsaenh.dll
0x00007ff905d90000 - 0x00007ff905dbb000 	C:\WINDOWS\SYSTEM32\bcrypt.dll
0x00007ff905810000 - 0x00007ff90582f000 	C:\WINDOWS\SYSTEM32\USERENV.dll
0x00007ff905b30000 - 0x00007ff905b3b000 	C:\WINDOWS\SYSTEM32\CRYPTBASE.dll
0x0000000057210000 - 0x000000005722a000 	C:\Program Files\Java\jdk1.8.0_112\jre\bin\net.dll
0x00007ff905990000 - 0x00007ff9059ec000 	C:\WINDOWS\system32\mswsock.dll
0x00007ff905710000 - 0x00007ff905748000 	C:\WINDOWS\SYSTEM32\IPHLPAPI.DLL
0x00007ff909c60000 - 0x00007ff909c68000 	C:\WINDOWS\System32\NSI.dll
0x00007ff8ff2a0000 - 0x00007ff8ff2b6000 	C:\WINDOWS\SYSTEM32\dhcpcsvc6.DLL
0x00007ff8ff540000 - 0x00007ff8ff55a000 	C:\WINDOWS\SYSTEM32\dhcpcsvc.DLL
0x00000000571f0000 - 0x0000000057201000 	C:\Program Files\Java\jdk1.8.0_112\jre\bin\nio.dll

VM Arguments:
jvm_args: -Dfile.encoding=Cp1252 -Xss8m -Xmx16g -Dclojure.compile.path=c:\Users\Henry\Documents\GitHub\atom-finder\target\classes -Datom-finder.version=0.1.0-SNAPSHOT -Dclojure.debug=false 
java_command: clojure.main -i C:\Users\Henry\AppData\Local\Temp\form-init8225651440837612560.clj
java_class_path (initial): c:\Users\Henry\Documents\GitHub\atom-finder\test;c:\Users\Henry\Documents\GitHub\atom-finder\src;c:\Users\Henry\Documents\GitHub\atom-finder\dev-resources;c:\Users\Henry\Documents\GitHub\atom-finder\resources\org.eclipse.cdt.core_6.2.0.201612061315.jar;c:\Users\Henry\Documents\GitHub\atom-finder\resources\com.zutubi.diff-3.1.dev.dgopstein.jar;c:\Users\Henry\Documents\GitHub\atom-finder\resources\APTED_2017-04-05.jar;c:\Users\Henry\Documents\GitHub\atom-finder\resources\changedistiller-0.0.1-SNAPSHOT-jar-with-dependencies.jar;c:\Users\Henry\Documents\GitHub\atom-finder\src\test\resources;c:\Users\Henry\Documents\GitHub\atom-finder\src\conf;c:\Users\Henry\Documents\GitHub\atom-finder\target\classes;C:\Users\Henry\.m2\repository\com\grammarly\omniconf\0.2.5\omniconf-0.2.5.jar;C:\Users\Henry\.m2\repository\org\eclipse\equinox\org.eclipse.equinox.registry\3.5.0.v20100503\org.eclipse.equinox.registry-3.5.0.v20100503.jar;C:\Users\Henry\.m2\repository\org\tcrawley\dynapath\0.2.3\dynapath-0.2.3.jar;C:\Users\Henry\.m2\repository\commons-codec\commons-codec\1.4\commons-codec-1.4.jar;C:\Users\Henry\.m2\repository\com\ibm\icu\icu4j\58.1\icu4j-58.1.jar;C:\Users\Henry\.m2\repository\com\googlecode\javaewah\JavaEWAH\0.7.9\JavaEWAH-0.7.9.jar;C:\Users\Henry\.m2\repository\org\clojure\data.csv\0.1.3\data.csv-0.1.3.jar;C:\Users\Henry\.m2\repository\org\apache\httpcomponents\httpcore\4.1.4\httpcore-4.1.4.jar;C:\Users\Henry\.m2\repository\org\eclipse\jgit\org.eclipse.jgit.java7\3.7.0.201502260915-r\org.eclipse.jgit.java7-3.7.0.201502260915-r.jar;C:\Users\Henry\.m2\repository\org\eclipse\osgi\org.eclipse.osgi\3.6.0.v20100517\org.eclipse.osgi-3.6.0.v20100517.jar;C:\Users\Henry\.m2\repository\org\eclipse\core\org.eclipse.core.runtime\3.6.0.v20100505\org.eclipse.core.runtime-3.6.0.v20100505.jar;C:\Users\Henry\.m2\repository\org\clojure\tools.nrepl\0.2.12\tools.nrepl-0.2.12.jar;C:\Users\Henry\.m2\repository\org\clojure\test.check\0.9.0\test.check-0.9.0.jar;C:\User
Launcher Type: SUN_STANDARD

Environment Variables:
CLASSPATH=C:\Users\Henry\.lein\self-installs\leiningen-2.7.1-standalone.jar
PATH=C:\ProgramData\Oracle\Java\javapath;C:\Program Files (x86)\Intel\iCLS Client\;C:\Program Files\Intel\iCLS Client\;C:\Windows\system32;C:\Windows;C:\Windows\System32\Wbem;C:\Windows\System32\WindowsPowerShell\v1.0\;C:\Program Files (x86)\Intel\Intel(R) Management Engine Components\DAL;C:\Program Files\Intel\Intel(R) Management Engine Components\DAL;C:\Program Files (x86)\Intel\Intel(R) Management Engine Components\IPT;C:\Program Files\Intel\Intel(R) Management Engine Components\IPT;C:\Program Files (x86)\NVIDIA Corporation\PhysX\Common;C:\Program Files\Microsoft SQL Server\120\Tools\Binn\;C:\WINDOWS\system32\config\systemprofile\.dnx\bin;C:\Program Files\Microsoft DNX\Dnvm\;C:\Program Files (x86)\Windows Kits\8.1\Windows Performance Toolkit\;C:\Program Files\Microsoft SQL Server\130\Tools\Binn\;C:\WINDOWS\system32;C:\WINDOWS;C:\WINDOWS\System32\Wbem;C:\WINDOWS\System32\WindowsPowerShell\v1.0\;C:\Program Files (x86)\GtkSharp\2.12\bin;C:\Program Files (x86)\Skype\Phone\;%LOCALAPPDATA%\simple2d;D:\Software\Python;D:\Software\Python\Scripts;D:\Software\Python\Library\bin;c:\users\henry\appdata\local\enthought\canopy\user\scripts;D:\Software\RailsInstaller\Git\cmd;C:\Users\Henry\AppData\Local\Microsoft\WindowsApps;D:\Software\.lein\bin;C:\Users\Henry\AppData\Local\Enthought\Canopy\User;C:\Users\Henry\AppData\Local\Enthought\Canopy\User\Scripts;D:\Software\Python\User;D:\Software\Python\User\Scripts
USERNAME=Henry
SHELL=D:/Software/emacs/libexec/emacs/25.1/i686-w64-mingw32/cmdproxy.exe
DISPLAY=w32
OS=Windows_NT
PROCESSOR_IDENTIFIER=Intel64 Family 6 Model 94 Stepping 3, GenuineIntel



---------------  S Y S T E M  ---------------

OS: Windows 10.0 , 64 bit Build 14393 (10.0.14393.1198)

CPU:total 8 (4 cores per cpu, 2 threads per core) family 6 model 94 stepping 3, cmov, cx8, fxsr, mmx, sse, sse2, sse3, ssse3, sse4.1, sse4.2, popcnt, avx, avx2, aes, clmul, erms, rtm, 3dnowpref, lzcnt, ht, tsc, tscinvbit, bmi1, bmi2, adx

Memory: 4k page, physical 16659596k(8470900k free), swap 32015020k(5156k free)

vm_info: Java HotSpot(TM) 64-Bit Server VM (25.112-b15) for windows-amd64 JRE (1.8.0_112-b15), built on Sep 22 2016 21:31:56 by "java_re" with MS VC++ 10.0 (VS2010)

time: Tue Jul 11 13:25:07 2017
elapsed time: 5 seconds (0d 0h 0m 5s)

